<?xml version="1.0" encoding="UTF-8"?>
<!-- Generated by org.testng.reporters.JUnitReportReporter -->
<testsuite name="SampleMaven.partiallink" tests="1" time="13.249" ignored="0" failures="0" timestamp="24 Feb 2017 19:44:56 GMT" skipped="0" hostname="DESKTOP-RHDNAGC" errors="0">
  <testcase name="main" time="13.249" classname="SampleMaven.partiallink"/>
</testsuite> <!-- SampleMaven.partiallink -->
