<?xml version="1.0" encoding="UTF-8"?>
<!-- Generated by org.testng.reporters.JUnitReportReporter -->
<testsuite hostname="DESKTOP-RHDNAGC" name="SampleMaven.partiallink" tests="1" failures="0" timestamp="25 Feb 2017 01:50:22 GMT" time="13.333" errors="0">
  <testcase name="main" time="13.333" classname="SampleMaven.partiallink"/>
</testsuite> <!-- SampleMaven.partiallink -->
